<?xml version="1.0" encoding="UTF-8"?>
<!-- Generated by org.testng.reporters.JUnitXMLReporter -->
<testsuite hostname="DESKTOP-M3E2BR1" ignored="3" name="Test" tests="2" failures="0" timestamp="2021-02-17T12:47:42 IST" time="164.909" errors="0">
  <testcase name="runNewUser" time="61.777" classname="testCases.NewUser"/>
  <testcase name="clickVccLinks" time="62.852" classname="testCases.VCCLinks"/>
  <testcase name="@BeforeTest executeTestLevel" time="0.0" classname="utils.ExtentReporter">
    <ignored/>
  </testcase> <!-- @BeforeTest executeTestLevel -->
  <testcase name="@BeforeSuite executeReportLevel" time="0.0" classname="utils.ExtentReporter">
    <ignored/>
  </testcase> <!-- @BeforeSuite executeReportLevel -->
  <testcase name="@AfterSuite closeFlush" time="0.0" classname="utils.ExtentReporter">
    <ignored/>
  </testcase> <!-- @AfterSuite closeFlush -->
</testsuite> <!-- Test -->
