<?xml version="1.0" encoding="UTF-8"?>
<!-- Generated by org.testng.reporters.JUnitXMLReporter -->
<testsuite hostname="DESKTOP-M3E2BR1" ignored="0" name="Command line test" tests="1" failures="1" timestamp="2021-02-17T17:21:09 IST" time="21.343" errors="0">
  <testcase name="clickVccLinks" time="0.126" classname="testCases.VCCLinks">
    <failure type="java.lang.IllegalArgumentException" message="Keys to send should be a not null CharSequence">
      <![CDATA[java.lang.IllegalArgumentException: Keys to send should be a not null CharSequence
at org.openqa.selenium.remote.RemoteWebElement.sendKeys(RemoteWebElement.java:100)
at pages.LoginPage.enterUserId(LoginPage.java:44)
at testCases.VCCLinks.clickVccLinks(VCCLinks.java:16)
at java.util.ArrayList.forEach(Unknown Source)
at testCases.TestRunner.main(TestRunner.java:11)
... Removed 24 stack frames]]>
    </failure>
  </testcase> <!-- clickVccLinks -->
</testsuite> <!-- Command line test -->
