<?xml version="1.0" encoding="UTF-8"?>
<testng-results skipped="0" failed="1" ignored="0" total="1" passed="0">
  <reporter-output>
  </reporter-output>
  <suite name="Command line suite" duration-ms="21343" started-at="2021-02-17T17:20:47 IST" finished-at="2021-02-17T17:21:09 IST">
    <groups>
    </groups>
    <test name="Command line test" duration-ms="21343" started-at="2021-02-17T17:20:47 IST" finished-at="2021-02-17T17:21:09 IST">
      <class name="testCases.VCCLinks">
        <test-method status="PASS" signature="executeReportLevel()[pri:0, instance:testCases.VCCLinks@4883b407]" name="executeReportLevel" is-config="true" duration-ms="199" started-at="2021-02-17T17:20:47 IST" finished-at="2021-02-17T17:20:47 IST">
          <reporter-output>
          </reporter-output>
        </test-method> <!-- executeReportLevel -->
        <test-method status="PASS" signature="executeTestLevel()[pri:0, instance:testCases.VCCLinks@4883b407]" name="executeTestLevel" is-config="true" duration-ms="15" started-at="2021-02-17T17:20:47 IST" finished-at="2021-02-17T17:20:47 IST">
          <reporter-output>
          </reporter-output>
        </test-method> <!-- executeTestLevel -->
        <test-method status="PASS" signature="openBrowser()[pri:0, instance:testCases.VCCLinks@4883b407]" name="openBrowser" is-config="true" duration-ms="21182" started-at="2021-02-17T17:20:47 IST" finished-at="2021-02-17T17:21:08 IST">
          <reporter-output>
          </reporter-output>
        </test-method> <!-- openBrowser -->
        <test-method status="FAIL" signature="clickVccLinks()[pri:0, instance:testCases.VCCLinks@4883b407]" name="clickVccLinks" duration-ms="126" started-at="2021-02-17T17:21:08 IST" finished-at="2021-02-17T17:21:09 IST">
          <exception class="java.lang.IllegalArgumentException">
            <message>
              <![CDATA[Keys to send should be a not null CharSequence]]>
            </message>
            <full-stacktrace>
              <![CDATA[java.lang.IllegalArgumentException: Keys to send should be a not null CharSequence
at org.openqa.selenium.remote.RemoteWebElement.sendKeys(RemoteWebElement.java:100)
at pages.LoginPage.enterUserId(LoginPage.java:44)
at testCases.VCCLinks.clickVccLinks(VCCLinks.java:16)
at sun.reflect.NativeMethodAccessorImpl.invoke0(Native Method)
at sun.reflect.NativeMethodAccessorImpl.invoke(Unknown Source)
at sun.reflect.DelegatingMethodAccessorImpl.invoke(Unknown Source)
at java.lang.reflect.Method.invoke(Unknown Source)
at org.testng.internal.MethodInvocationHelper.invokeMethod(MethodInvocationHelper.java:132)
at org.testng.internal.TestInvoker.invokeMethod(TestInvoker.java:599)
at org.testng.internal.TestInvoker.invokeTestMethod(TestInvoker.java:174)
at org.testng.internal.MethodRunner.runInSequence(MethodRunner.java:46)
at org.testng.internal.TestInvoker$MethodInvocationAgent.invoke(TestInvoker.java:822)
at org.testng.internal.TestInvoker.invokeTestMethods(TestInvoker.java:147)
at org.testng.internal.TestMethodWorker.invokeTestMethods(TestMethodWorker.java:146)
at org.testng.internal.TestMethodWorker.run(TestMethodWorker.java:128)
at java.util.ArrayList.forEach(Unknown Source)
at org.testng.TestRunner.privateRun(TestRunner.java:764)
at org.testng.TestRunner.run(TestRunner.java:585)
at org.testng.SuiteRunner.runTest(SuiteRunner.java:384)
at org.testng.SuiteRunner.runSequentially(SuiteRunner.java:378)
at org.testng.SuiteRunner.privateRun(SuiteRunner.java:337)
at org.testng.SuiteRunner.run(SuiteRunner.java:286)
at org.testng.SuiteRunnerWorker.runSuite(SuiteRunnerWorker.java:53)
at org.testng.SuiteRunnerWorker.run(SuiteRunnerWorker.java:96)
at org.testng.TestNG.runSuitesSequentially(TestNG.java:1218)
at org.testng.TestNG.runSuitesLocally(TestNG.java:1140)
at org.testng.TestNG.runSuites(TestNG.java:1069)
at org.testng.TestNG.run(TestNG.java:1037)
at testCases.TestRunner.main(TestRunner.java:11)
]]>
            </full-stacktrace>
          </exception> <!-- java.lang.IllegalArgumentException -->
          <reporter-output>
          </reporter-output>
        </test-method> <!-- clickVccLinks -->
        <test-method status="PASS" signature="closeFlush()[pri:0, instance:testCases.VCCLinks@4883b407]" name="closeFlush" is-config="true" duration-ms="279" started-at="2021-02-17T17:21:09 IST" finished-at="2021-02-17T17:21:09 IST">
          <reporter-output>
          </reporter-output>
        </test-method> <!-- closeFlush -->
      </class> <!-- testCases.VCCLinks -->
    </test> <!-- Command line test -->
  </suite> <!-- Command line suite -->
</testng-results>
